1.查看本地分支：
git branch

2. 创建本次分支：
git branch new_branch_name

3. 切换到新的分支
git checkout branch_name

4. 在分支上提交change
git add filenameone filenametwo filename......
git commit -m 'the info about change'
git push

5. if no upstream, the 4th last step should change：
 git push --set-upstream origin local_branch_name

6. 查看远程分支
git branch -r

7. 查看本地和远程所有分支
git branch -a

8. 合并本地分支
git checkout master
git merge new_branch_name

9. 删除分支
git branch -d new_branch_name

10. git 提交时，不需要每次输入用户名和密码的解决方法
首先，如果我们git clone的下载代码的时候是连接的https://而不是git@git (ssh)的形式，当我们操作git pull/push到远程的时候，总是提示我们输入账号和密码才能操作成功，频繁的输入账号和密码会很麻烦，也特别烦恼。

解决办法：

git bash进入你的项目目录，输入：

git config --global credential.helper store

然后你会在你本地生成一个文本，上边记录你的账号和密码。当然这些你可以不用关心。
然后你使用上述的命令配置好之后，再操作一次git pull，然后它会提示你输入账号密码，这一次之后就不需要再次输入密码了
